<?xml version="1.0" encoding="UTF-8"?>
<testsuite name="com.mgc.mbti.service.MusicServiceTest" tests="1" skipped="0" failures="0" errors="0" timestamp="2022-04-09T14:55:35" hostname="jeong-yong-uui-MacBookPro.local" time="0.33">
  <properties/>
  <testcase name="getMusicList()" classname="com.mgc.mbti.service.MusicServiceTest" time="0.33"/>
  <system-out><![CDATA[23:55:31.434 [Test worker] DEBUG org.springframework.test.context.BootstrapUtils - Instantiating CacheAwareContextLoaderDelegate from class [org.springframework.test.context.cache.DefaultCacheAwareContextLoaderDelegate]
23:55:31.442 [Test worker] DEBUG org.springframework.test.context.BootstrapUtils - Instantiating BootstrapContext using constructor [public org.springframework.test.context.support.DefaultBootstrapContext(java.lang.Class,org.springframework.test.context.CacheAwareContextLoaderDelegate)]
23:55:31.476 [Test worker] DEBUG org.springframework.test.context.BootstrapUtils - Instantiating TestContextBootstrapper for test class [com.mgc.mbti.service.MusicServiceTest] from class [org.springframework.boot.test.context.SpringBootTestContextBootstrapper]
23:55:31.485 [Test worker] INFO org.springframework.boot.test.context.SpringBootTestContextBootstrapper - Neither @ContextConfiguration nor @ContextHierarchy found for test class [com.mgc.mbti.service.MusicServiceTest], using SpringBootContextLoader
23:55:31.488 [Test worker] DEBUG org.springframework.test.context.support.AbstractContextLoader - Did not detect default resource location for test class [com.mgc.mbti.service.MusicServiceTest]: class path resource [com/mgc/mbti/service/MusicServiceTest-context.xml] does not exist
23:55:31.489 [Test worker] DEBUG org.springframework.test.context.support.AbstractContextLoader - Did not detect default resource location for test class [com.mgc.mbti.service.MusicServiceTest]: class path resource [com/mgc/mbti/service/MusicServiceTestContext.groovy] does not exist
23:55:31.489 [Test worker] INFO org.springframework.test.context.support.AbstractContextLoader - Could not detect default resource locations for test class [com.mgc.mbti.service.MusicServiceTest]: no resource found for suffixes {-context.xml, Context.groovy}.
23:55:31.489 [Test worker] INFO org.springframework.test.context.support.AnnotationConfigContextLoaderUtils - Could not detect default configuration classes for test class [com.mgc.mbti.service.MusicServiceTest]: MusicServiceTest does not declare any static, non-private, non-final, nested classes annotated with @Configuration.
23:55:31.529 [Test worker] DEBUG org.springframework.test.context.support.ActiveProfilesUtils - Could not find an 'annotation declaring class' for annotation type [org.springframework.test.context.ActiveProfiles] and class [com.mgc.mbti.service.MusicServiceTest]
23:55:31.585 [Test worker] DEBUG org.springframework.context.annotation.ClassPathScanningCandidateComponentProvider - Identified candidate component class: file [/Users/jeong-yong-woo/Documents/GitHub/PlayList_Infra/build/classes/java/main/com/mgc/mbti/MbtiApplication.class]
23:55:31.586 [Test worker] INFO org.springframework.boot.test.context.SpringBootTestContextBootstrapper - Found @SpringBootConfiguration com.mgc.mbti.MbtiApplication for test class com.mgc.mbti.service.MusicServiceTest
23:55:31.673 [Test worker] DEBUG org.springframework.boot.test.context.SpringBootTestContextBootstrapper - @TestExecutionListeners is not present for class [com.mgc.mbti.service.MusicServiceTest]: using defaults.
23:55:31.673 [Test worker] INFO org.springframework.boot.test.context.SpringBootTestContextBootstrapper - Loaded default TestExecutionListener class names from location [META-INF/spring.factories]: [org.springframework.boot.test.autoconfigure.restdocs.RestDocsTestExecutionListener, org.springframework.boot.test.autoconfigure.web.client.MockRestServiceServerResetTestExecutionListener, org.springframework.boot.test.autoconfigure.web.servlet.MockMvcPrintOnlyOnFailureTestExecutionListener, org.springframework.boot.test.autoconfigure.web.servlet.WebDriverTestExecutionListener, org.springframework.boot.test.autoconfigure.webservices.client.MockWebServiceServerTestExecutionListener, org.springframework.boot.test.mock.mockito.MockitoTestExecutionListener, org.springframework.boot.test.mock.mockito.ResetMocksTestExecutionListener, org.springframework.test.context.web.ServletTestExecutionListener, org.springframework.test.context.support.DirtiesContextBeforeModesTestExecutionListener, org.springframework.test.context.event.ApplicationEventsTestExecutionListener, org.springframework.test.context.support.DependencyInjectionTestExecutionListener, org.springframework.test.context.support.DirtiesContextTestExecutionListener, org.springframework.test.context.transaction.TransactionalTestExecutionListener, org.springframework.test.context.jdbc.SqlScriptsTestExecutionListener, org.springframework.test.context.event.EventPublishingTestExecutionListener]
23:55:31.698 [Test worker] INFO org.springframework.boot.test.context.SpringBootTestContextBootstrapper - Using TestExecutionListeners: [org.springframework.test.context.web.ServletTestExecutionListener@7249dadf, org.springframework.test.context.support.DirtiesContextBeforeModesTestExecutionListener@4362d7df, org.springframework.test.context.event.ApplicationEventsTestExecutionListener@66238be2, org.springframework.boot.test.mock.mockito.MockitoTestExecutionListener@1c25b8a7, org.springframework.boot.test.autoconfigure.SpringBootDependencyInjectionTestExecutionListener@200606de, org.springframework.test.context.support.DirtiesContextTestExecutionListener@750fe12e, org.springframework.test.context.transaction.TransactionalTestExecutionListener@f8908f6, org.springframework.test.context.jdbc.SqlScriptsTestExecutionListener@3e587920, org.springframework.test.context.event.EventPublishingTestExecutionListener@2ef8a8c3, org.springframework.boot.test.autoconfigure.restdocs.RestDocsTestExecutionListener@24f43aa3, org.springframework.boot.test.autoconfigure.web.client.MockRestServiceServerResetTestExecutionListener@63fd4873, org.springframework.boot.test.autoconfigure.web.servlet.MockMvcPrintOnlyOnFailureTestExecutionListener@1e11bc55, org.springframework.boot.test.autoconfigure.web.servlet.WebDriverTestExecutionListener@7544a1e4, org.springframework.boot.test.autoconfigure.webservices.client.MockWebServiceServerTestExecutionListener@70e0accd, org.springframework.boot.test.mock.mockito.ResetMocksTestExecutionListener@7957dc72]
23:55:31.702 [Test worker] DEBUG org.springframework.test.context.support.AbstractDirtiesContextTestExecutionListener - Before test class: context [DefaultTestContext@38875e7d testClass = MusicServiceTest, testInstance = [null], testMethod = [null], testException = [null], mergedContextConfiguration = [WebMergedContextConfiguration@1e886a5b testClass = MusicServiceTest, locations = '{}', classes = '{class com.mgc.mbti.MbtiApplication}', contextInitializerClasses = '[]', activeProfiles = '{}', propertySourceLocations = '{}', propertySourceProperties = '{org.springframework.boot.test.context.SpringBootTestContextBootstrapper=true}', contextCustomizers = set[org.springframework.boot.test.autoconfigure.actuate.metrics.MetricsExportContextCustomizerFactory$DisableMetricExportContextCustomizer@2f6e28bc, org.springframework.boot.test.autoconfigure.properties.PropertyMappingContextCustomizer@0, org.springframework.boot.test.autoconfigure.web.servlet.WebDriverContextCustomizerFactory$Customizer@2a2c13a8, org.springframework.boot.test.context.filter.ExcludeFilterContextCustomizer@3543df7d, org.springframework.boot.test.json.DuplicateJsonObjectContextCustomizerFactory$DuplicateJsonObjectContextCustomizer@698122b2, org.springframework.boot.test.mock.mockito.MockitoContextCustomizer@0, org.springframework.boot.test.web.client.TestRestTemplateContextCustomizer@45e37a7e, org.springframework.boot.test.context.SpringBootTestArgs@1, org.springframework.boot.test.context.SpringBootTestWebEnvironment@565f390], resourceBasePath = 'src/main/webapp', contextLoader = 'org.springframework.boot.test.context.SpringBootContextLoader', parent = [null]], attributes = map['org.springframework.test.context.web.ServletTestExecutionListener.activateListener' -> true]], class annotated with @DirtiesContext [false] with mode [null].
23:55:31.757 [Test worker] DEBUG org.springframework.boot.ApplicationServletEnvironment - Activating profiles []
23:55:31.758 [Test worker] DEBUG org.springframework.test.context.support.TestPropertySourceUtils - Adding inlined properties to environment: {spring.jmx.enabled=false, org.springframework.boot.test.context.SpringBootTestContextBootstrapper=true}

  .   ____          _            __ _ _
 /\\ / ___'_ __ _ _(_)_ __  __ _ \ \ \ \
( ( )\___ | '_ | '_| | '_ \/ _` | \ \ \ \
 \\/  ___)| |_)| | | | | || (_| |  ) ) ) )
  '  |____| .__|_| |_|_| |_\__, | / / / /
 =========|_|==============|___/=/_/_/_/
 :: Spring Boot ::                (v2.6.2)

2022-04-09 23:55:32.041  INFO 82636 --- [    Test worker] com.mgc.mbti.service.MusicServiceTest    : Starting MusicServiceTest using Java 11.0.11 on jeong-yong-uui-MacBookPro.local with PID 82636 (started by jeong-yong-woo in /Users/jeong-yong-woo/Documents/GitHub/PlayList_Infra)
2022-04-09 23:55:32.042  INFO 82636 --- [    Test worker] com.mgc.mbti.service.MusicServiceTest    : No active profile set, falling back to default profiles: default
2022-04-09 23:55:32.574  INFO 82636 --- [    Test worker] .s.d.r.c.RepositoryConfigurationDelegate : Bootstrapping Spring Data JPA repositories in DEFAULT mode.
2022-04-09 23:55:32.621  INFO 82636 --- [    Test worker] .s.d.r.c.RepositoryConfigurationDelegate : Finished Spring Data repository scanning in 40 ms. Found 2 JPA repository interfaces.
2022-04-09 23:55:33.123  INFO 82636 --- [    Test worker] o.hibernate.jpa.internal.util.LogHelper  : HHH000204: Processing PersistenceUnitInfo [name: default]
2022-04-09 23:55:33.170  INFO 82636 --- [    Test worker] org.hibernate.Version                    : HHH000412: Hibernate ORM core version 5.6.3.Final
2022-04-09 23:55:33.333  INFO 82636 --- [    Test worker] o.hibernate.annotations.common.Version   : HCANN000001: Hibernate Commons Annotations {5.1.2.Final}
2022-04-09 23:55:33.428  INFO 82636 --- [    Test worker] com.zaxxer.hikari.HikariDataSource       : HikariPool-1 - Starting...
2022-04-09 23:55:34.035  INFO 82636 --- [    Test worker] com.zaxxer.hikari.HikariDataSource       : HikariPool-1 - Start completed.
2022-04-09 23:55:34.051  INFO 82636 --- [    Test worker] org.hibernate.dialect.Dialect            : HHH000400: Using dialect: org.hibernate.dialect.MySQL8Dialect
2022-04-09 23:55:34.740  INFO 82636 --- [    Test worker] o.h.e.t.j.p.i.JtaPlatformInitiator       : HHH000490: Using JtaPlatform implementation: [org.hibernate.engine.transaction.jta.platform.internal.NoJtaPlatform]
2022-04-09 23:55:34.747  INFO 82636 --- [    Test worker] j.LocalContainerEntityManagerFactoryBean : Initialized JPA EntityManagerFactory for persistence unit 'default'
2022-04-09 23:55:35.276  WARN 82636 --- [    Test worker] JpaBaseConfiguration$JpaWebConfiguration : spring.jpa.open-in-view is enabled by default. Therefore, database queries may be performed during view rendering. Explicitly configure spring.jpa.open-in-view to disable this warning
2022-04-09 23:55:35.546  INFO 82636 --- [    Test worker] o.s.b.a.w.s.WelcomePageHandlerMapping    : Adding welcome page: class path resource [static/index.html]
2022-04-09 23:55:35.771  INFO 82636 --- [    Test worker] com.mgc.mbti.service.MusicServiceTest    : Started MusicServiceTest in 4.011 seconds (JVM running for 5.08)
2022-04-09 23:55:35.817  INFO 82636 --- [    Test worker] o.s.t.c.transaction.TransactionContext   : Began transaction (1) for test context [DefaultTestContext@38875e7d testClass = MusicServiceTest, testInstance = com.mgc.mbti.service.MusicServiceTest@279e85eb, testMethod = getMusicList@MusicServiceTest, testException = [null], mergedContextConfiguration = [WebMergedContextConfiguration@1e886a5b testClass = MusicServiceTest, locations = '{}', classes = '{class com.mgc.mbti.MbtiApplication}', contextInitializerClasses = '[]', activeProfiles = '{}', propertySourceLocations = '{}', propertySourceProperties = '{org.springframework.boot.test.context.SpringBootTestContextBootstrapper=true}', contextCustomizers = set[org.springframework.boot.test.autoconfigure.actuate.metrics.MetricsExportContextCustomizerFactory$DisableMetricExportContextCustomizer@2f6e28bc, org.springframework.boot.test.autoconfigure.properties.PropertyMappingContextCustomizer@0, org.springframework.boot.test.autoconfigure.web.servlet.WebDriverContextCustomizerFactory$Customizer@2a2c13a8, org.springframework.boot.test.context.filter.ExcludeFilterContextCustomizer@3543df7d, org.springframework.boot.test.json.DuplicateJsonObjectContextCustomizerFactory$DuplicateJsonObjectContextCustomizer@698122b2, org.springframework.boot.test.mock.mockito.MockitoContextCustomizer@0, org.springframework.boot.test.web.client.TestRestTemplateContextCustomizer@45e37a7e, org.springframework.boot.test.context.SpringBootTestArgs@1, org.springframework.boot.test.context.SpringBootTestWebEnvironment@565f390], resourceBasePath = 'src/main/webapp', contextLoader = 'org.springframework.boot.test.context.SpringBootContextLoader', parent = [null]], attributes = map['org.springframework.test.context.web.ServletTestExecutionListener.activateListener' -> true, 'org.springframework.test.context.web.ServletTestExecutionListener.populatedRequestContextHolder' -> true, 'org.springframework.test.context.web.ServletTestExecutionListener.resetRequestContextHolder' -> true, 'org.springframework.test.context.event.ApplicationEventsTestExecutionListener.recordApplicationEvents' -> false]]; transaction manager [org.springframework.orm.jpa.JpaTransactionManager@17554316]; rollback [true]
{url=https://www.youtube.com/watch?v=IHNzOHi8sJs, urlImg=https://img.youtube.com/vi/IHNzOHi8sJs/sddefault.jpg, Music=뚜두뚜두 , Artist=BLACKPINK}
{url=https://www.youtube.com/watch?v=ALj5MKjy2BU, urlImg=https://img.youtube.com/vi/ALj5MKjy2BU/sddefault.jpg, Music=불타오르네 , Artist=BTS}
{url=https://www.youtube.com/watch?v=jecQcgbyetw, urlImg=https://img.youtube.com/vi/jecQcgbyetw/sddefault.jpg, Music=Legend, Artist=The Score}
{url=https://www.youtube.com/watch?v=kkGOzZHUPko, urlImg=https://img.youtube.com/vi/kkGOzZHUPko/sddefault.jpg, Music=왔다 , Artist=머쉬베놈}
{url=https://www.youtube.com/watch?v=4h26oYuE2h0, urlImg=https://img.youtube.com/vi/4h26oYuE2h0/sddefault.jpg, Music=Trampoline, Artist=SHAED}
{url=https://www.youtube.com/watch?v=2OvyA2__Eas, urlImg=https://img.youtube.com/vi/2OvyA2__Eas/sddefault.jpg, Music=영웅 , Artist=NCT 127}
{url=https://www.youtube.com/watch?v=giv8WaFzIag, urlImg=https://img.youtube.com/vi/giv8WaFzIag/sddefault.jpg, Music=Money On My Mind , Artist=UPSAHL}
{url=https://www.youtube.com/watch?v=7wtfhZwyrcc, urlImg=https://img.youtube.com/vi/7wtfhZwyrcc/sddefault.jpg, Music=Believer, Artist=Imagine Dragons}
{url=https://www.youtube.com/watch?v=zUOh09GoQgk, urlImg=https://img.youtube.com/vi/zUOh09GoQgk/sddefault.jpg, Music=Money, Artist=Cardi B}
{url=https://www.youtube.com/watch?v=-PZsSWwc9xA, urlImg=https://img.youtube.com/vi/-PZsSWwc9xA/sddefault.jpg, Music=all the good girls go to hell, Artist=Billie Eilish}
{url=https://www.youtube.com/watch?v=wqaEvLJ5Ess, urlImg=https://img.youtube.com/vi/wqaEvLJ5Ess/sddefault.jpg, Music=마에스트로 , Artist=창모}
{url=https://www.youtube.com/watch?v=i3ucSSVJTL4, urlImg=https://img.youtube.com/vi/i3ucSSVJTL4/sddefault.jpg, Music=Glory, Artist=The Score}
{url=https://www.youtube.com/watch?v=Ty8UzZlO1EE, urlImg=https://img.youtube.com/vi/Ty8UzZlO1EE/sddefault.jpg, Music=Bad, Artist=Christopher}
{url=https://www.youtube.com/watch?v=XzDiO9pa1tY, urlImg=https://img.youtube.com/vi/XzDiO9pa1tY/sddefault.jpg, Music=Get Stüpid, Artist=bülow}
{url=https://www.youtube.com/watch?v=HIjzLOO-OjE, urlImg=https://img.youtube.com/vi/HIjzLOO-OjE/sddefault.jpg, Music=Type Different, Artist=King Combs}
{url=https://www.youtube.com/watch?v=5DNZ5lj4TIY, urlImg=https://img.youtube.com/vi/5DNZ5lj4TIY/sddefault.jpg, Music=Break , Artist=빈지노}
{url=https://www.youtube.com/watch?v=oLVgwsevkco, urlImg=https://img.youtube.com/vi/oLVgwsevkco/sddefault.jpg, Music=Burn the House Down, Artist=AJR}
{url=https://www.youtube.com/watch?v=oLQ610I7ek4, urlImg=https://img.youtube.com/vi/oLQ610I7ek4/sddefault.jpg, Music=People I Don't Like, Artist=UPSAHL}
{url=https://www.youtube.com/watch?v=QYh6mYIJG2Y, urlImg=https://img.youtube.com/vi/QYh6mYIJG2Y/sddefault.jpg, Music=7 rings, Artist=Ariana Grande}
{url=https://www.youtube.com/watch?v=4THFRpw68oQ, urlImg=https://img.youtube.com/vi/4THFRpw68oQ/sddefault.jpg, Music=BANG!, Artist=AJR}
{url=https://www.youtube.com/watch?v=3gOHvDP_vCs, urlImg=https://img.youtube.com/vi/3gOHvDP_vCs/sddefault.jpg, Music=Sexyback, Artist=Justin Timberlake}
{url=https://www.youtube.com/watch?v=8Q7FerAVQbw, urlImg=https://img.youtube.com/vi/8Q7FerAVQbw/sddefault.jpg, Music=숙녀가 못 돼, Artist=카라}
{url=https://www.youtube.com/watch?v=4LfJnj66HVQ, urlImg=https://img.youtube.com/vi/4LfJnj66HVQ/sddefault.jpg, Music=Gucci Gang, Artist=Lil Pump}
{url=https://www.youtube.com/watch?v=wTowEKjDGkU, urlImg=https://img.youtube.com/vi/wTowEKjDGkU/sddefault.jpg, Music=Not Shy, Artist=ITZY}
2022-04-09 23:55:36.113  INFO 82636 --- [    Test worker] o.s.t.c.transaction.TransactionContext   : Rolled back transaction for test: [DefaultTestContext@38875e7d testClass = MusicServiceTest, testInstance = com.mgc.mbti.service.MusicServiceTest@279e85eb, testMethod = getMusicList@MusicServiceTest, testException = [null], mergedContextConfiguration = [WebMergedContextConfiguration@1e886a5b testClass = MusicServiceTest, locations = '{}', classes = '{class com.mgc.mbti.MbtiApplication}', contextInitializerClasses = '[]', activeProfiles = '{}', propertySourceLocations = '{}', propertySourceProperties = '{org.springframework.boot.test.context.SpringBootTestContextBootstrapper=true}', contextCustomizers = set[org.springframework.boot.test.autoconfigure.actuate.metrics.MetricsExportContextCustomizerFactory$DisableMetricExportContextCustomizer@2f6e28bc, org.springframework.boot.test.autoconfigure.properties.PropertyMappingContextCustomizer@0, org.springframework.boot.test.autoconfigure.web.servlet.WebDriverContextCustomizerFactory$Customizer@2a2c13a8, org.springframework.boot.test.context.filter.ExcludeFilterContextCustomizer@3543df7d, org.springframework.boot.test.json.DuplicateJsonObjectContextCustomizerFactory$DuplicateJsonObjectContextCustomizer@698122b2, org.springframework.boot.test.mock.mockito.MockitoContextCustomizer@0, org.springframework.boot.test.web.client.TestRestTemplateContextCustomizer@45e37a7e, org.springframework.boot.test.context.SpringBootTestArgs@1, org.springframework.boot.test.context.SpringBootTestWebEnvironment@565f390], resourceBasePath = 'src/main/webapp', contextLoader = 'org.springframework.boot.test.context.SpringBootContextLoader', parent = [null]], attributes = map['org.springframework.test.context.web.ServletTestExecutionListener.activateListener' -> true, 'org.springframework.test.context.web.ServletTestExecutionListener.populatedRequestContextHolder' -> true, 'org.springframework.test.context.web.ServletTestExecutionListener.resetRequestContextHolder' -> true, 'org.springframework.test.context.event.ApplicationEventsTestExecutionListener.recordApplicationEvents' -> false]]
]]></system-out>
  <system-err><![CDATA[]]></system-err>
</testsuite>
